<?xml version="1.0" encoding="UTF-8"?>
<!-- Generated by org.testng.reporters.JUnitXMLReporter -->
<testsuite ignored="0" hostname="inbl01lap7116" failures="1" tests="3" name="Test" time="6.039" errors="0" timestamp="2022-03-03T10:01:20 IST">
  <testcase classname="com.corp.qa.testcases.LoginPageTest1" name="@BeforeMethod SSSetUp" time="3.356">
    <failure type="org.openqa.selenium.SessionNotCreatedException" message="session not created: This version of ChromeDriver only supports Chrome version 97
Current browser version is 99.0.4844.51 with binary path C:\Program Files\Google\Chrome\Application\chrome.exe
Build info: version: &amp;apos;3.4.0&amp;apos;, revision: &amp;apos;unknown&amp;apos;, time: &amp;apos;unknown&amp;apos;
System info: host: &amp;apos;INBL01LAP7116&amp;apos;, ip: &amp;apos;192.168.225.114&amp;apos;, os.name: &amp;apos;Windows 10&amp;apos;, os.arch: &amp;apos;amd64&amp;apos;, os.version: &amp;apos;10.0&amp;apos;, java.version: &amp;apos;17.0.1&amp;apos;
Driver info: driver.version: ChromeDriver
remote stacktrace: Backtrace:
	Ordinal0 [0x00A8FDC3+2555331]
	Ordinal0 [0x00A277F1+2127857]
	Ordinal0 [0x00922E08+1060360]
	Ordinal0 [0x009419CA+1186250]
	Ordinal0 [0x0093D825+1169445]
	Ordinal0 [0x0093AFC1+1159105]
	Ordinal0 [0x0096C22F+1360431]
	Ordinal0 [0x0096BE9A+1359514]
	Ordinal0 [0x00967976+1341814]
	Ordinal0 [0x009436B6+1193654]
	Ordinal0 [0x00944546+1197382]
	GetHandleVerifier [0x00C29622+1619522]
	GetHandleVerifier [0x00CD882C+2336844]
	GetHandleVerifier [0x00B223E1+541697]
	GetHandleVerifier [0x00B21443+537699]
	Ordinal0 [0x00A2D18E+2150798]
	Ordinal0 [0x00A31518+2168088]
	Ordinal0 [0x00A31660+2168416]
	Ordinal0 [0x00A3B330+2208560]
	BaseThreadInitThunk [0x7612FA29+25]
	RtlGetAppContainerNamedObjectPath [0x77957A9E+286]
	RtlGetAppContainerNamedObjectPath [0x77957A6E+238]
">
      <![CDATA[org.openqa.selenium.SessionNotCreatedException: session not created: This version of ChromeDriver only supports Chrome version 97
Current browser version is 99.0.4844.51 with binary path C:\Program Files\Google\Chrome\Application\chrome.exe
Build info: version: '3.4.0', revision: 'unknown', time: 'unknown'
System info: host: 'INBL01LAP7116', ip: '192.168.225.114', os.name: 'Windows 10', os.arch: 'amd64', os.version: '10.0', java.version: '17.0.1'
Driver info: driver.version: ChromeDriver
remote stacktrace: Backtrace:
Ordinal0 [0x00A8FDC3+2555331]
Ordinal0 [0x00A277F1+2127857]
Ordinal0 [0x00922E08+1060360]
Ordinal0 [0x009419CA+1186250]
Ordinal0 [0x0093D825+1169445]
Ordinal0 [0x0093AFC1+1159105]
Ordinal0 [0x0096C22F+1360431]
Ordinal0 [0x0096BE9A+1359514]
Ordinal0 [0x00967976+1341814]
Ordinal0 [0x009436B6+1193654]
Ordinal0 [0x00944546+1197382]
GetHandleVerifier [0x00C29622+1619522]
GetHandleVerifier [0x00CD882C+2336844]
GetHandleVerifier [0x00B223E1+541697]
GetHandleVerifier [0x00B21443+537699]
Ordinal0 [0x00A2D18E+2150798]
Ordinal0 [0x00A31518+2168088]
Ordinal0 [0x00A31660+2168416]
Ordinal0 [0x00A3B330+2208560]
BaseThreadInitThunk [0x7612FA29+25]
RtlGetAppContainerNamedObjectPath [0x77957A9E+286]
RtlGetAppContainerNamedObjectPath [0x77957A6E+238]

at org.openqa.selenium.remote.W3CHandshakeResponse.lambda$new$0(W3CHandshakeResponse.java:57)
at org.openqa.selenium.remote.W3CHandshakeResponse.lambda$getResponseFunction$2(W3CHandshakeResponse.java:104)
at org.openqa.selenium.remote.ProtocolHandshake.lambda$createSession$22(ProtocolHandshake.java:365)
at java.base/java.util.stream.ReferencePipeline$3$1.accept(ReferencePipeline.java:197)
at java.base/java.util.Spliterators$ArraySpliterator.tryAdvance(Spliterators.java:1002)
at java.base/java.util.stream.ReferencePipeline.forEachWithCancel(ReferencePipeline.java:129)
at java.base/java.util.stream.AbstractPipeline.copyIntoWithCancel(AbstractPipeline.java:527)
at java.base/java.util.stream.AbstractPipeline.copyInto(AbstractPipeline.java:513)
at java.base/java.util.stream.AbstractPipeline.wrapAndCopyInto(AbstractPipeline.java:499)
at java.base/java.util.stream.FindOps$FindOp.evaluateSequential(FindOps.java:150)
at java.base/java.util.stream.AbstractPipeline.evaluate(AbstractPipeline.java:234)
at java.base/java.util.stream.ReferencePipeline.findFirst(ReferencePipeline.java:647)
at org.openqa.selenium.remote.ProtocolHandshake.createSession(ProtocolHandshake.java:368)
at org.openqa.selenium.remote.ProtocolHandshake.createSession(ProtocolHandshake.java:159)
at org.openqa.selenium.remote.HttpCommandExecutor.execute(HttpCommandExecutor.java:142)
at org.openqa.selenium.remote.service.DriverCommandExecutor.execute(DriverCommandExecutor.java:82)
at org.openqa.selenium.remote.RemoteWebDriver.execute(RemoteWebDriver.java:637)
at org.openqa.selenium.remote.RemoteWebDriver.startSession(RemoteWebDriver.java:250)
at org.openqa.selenium.remote.RemoteWebDriver.startSession(RemoteWebDriver.java:236)
at org.openqa.selenium.remote.RemoteWebDriver.<init>(RemoteWebDriver.java:137)
at org.openqa.selenium.chrome.ChromeDriver.<init>(ChromeDriver.java:184)
at org.openqa.selenium.chrome.ChromeDriver.<init>(ChromeDriver.java:171)
at org.openqa.selenium.chrome.ChromeDriver.<init>(ChromeDriver.java:124)
at com.corp.qa.base.Base.initialization(Base.java:44)
at com.corp.qa.testcases.LoginPageTest1.SSSetUp(LoginPageTest1.java:29)
at java.base/java.util.ArrayList.forEach(ArrayList.java:1511)
... Removed 36 stack frames]]>
    </failure>
  </testcase> <!-- @BeforeMethod SSSetUp -->
  <testcase classname="com.corp.qa.testcases.AddNewPageTest2" name="@BeforeMethod SSSetUp" time="2.605">
    <failure type="org.openqa.selenium.SessionNotCreatedException" message="session not created: This version of ChromeDriver only supports Chrome version 97
Current browser version is 99.0.4844.51 with binary path C:\Program Files\Google\Chrome\Application\chrome.exe
Build info: version: &amp;apos;3.4.0&amp;apos;, revision: &amp;apos;unknown&amp;apos;, time: &amp;apos;unknown&amp;apos;
System info: host: &amp;apos;INBL01LAP7116&amp;apos;, ip: &amp;apos;192.168.225.114&amp;apos;, os.name: &amp;apos;Windows 10&amp;apos;, os.arch: &amp;apos;amd64&amp;apos;, os.version: &amp;apos;10.0&amp;apos;, java.version: &amp;apos;17.0.1&amp;apos;
Driver info: driver.version: ChromeDriver
remote stacktrace: Backtrace:
	Ordinal0 [0x00A8FDC3+2555331]
	Ordinal0 [0x00A277F1+2127857]
	Ordinal0 [0x00922E08+1060360]
	Ordinal0 [0x009419CA+1186250]
	Ordinal0 [0x0093D825+1169445]
	Ordinal0 [0x0093AFC1+1159105]
	Ordinal0 [0x0096C22F+1360431]
	Ordinal0 [0x0096BE9A+1359514]
	Ordinal0 [0x00967976+1341814]
	Ordinal0 [0x009436B6+1193654]
	Ordinal0 [0x00944546+1197382]
	GetHandleVerifier [0x00C29622+1619522]
	GetHandleVerifier [0x00CD882C+2336844]
	GetHandleVerifier [0x00B223E1+541697]
	GetHandleVerifier [0x00B21443+537699]
	Ordinal0 [0x00A2D18E+2150798]
	Ordinal0 [0x00A31518+2168088]
	Ordinal0 [0x00A31660+2168416]
	Ordinal0 [0x00A3B330+2208560]
	BaseThreadInitThunk [0x7612FA29+25]
	RtlGetAppContainerNamedObjectPath [0x77957A9E+286]
	RtlGetAppContainerNamedObjectPath [0x77957A6E+238]
">
      <![CDATA[org.openqa.selenium.SessionNotCreatedException: session not created: This version of ChromeDriver only supports Chrome version 97
Current browser version is 99.0.4844.51 with binary path C:\Program Files\Google\Chrome\Application\chrome.exe
Build info: version: '3.4.0', revision: 'unknown', time: 'unknown'
System info: host: 'INBL01LAP7116', ip: '192.168.225.114', os.name: 'Windows 10', os.arch: 'amd64', os.version: '10.0', java.version: '17.0.1'
Driver info: driver.version: ChromeDriver
remote stacktrace: Backtrace:
Ordinal0 [0x00A8FDC3+2555331]
Ordinal0 [0x00A277F1+2127857]
Ordinal0 [0x00922E08+1060360]
Ordinal0 [0x009419CA+1186250]
Ordinal0 [0x0093D825+1169445]
Ordinal0 [0x0093AFC1+1159105]
Ordinal0 [0x0096C22F+1360431]
Ordinal0 [0x0096BE9A+1359514]
Ordinal0 [0x00967976+1341814]
Ordinal0 [0x009436B6+1193654]
Ordinal0 [0x00944546+1197382]
GetHandleVerifier [0x00C29622+1619522]
GetHandleVerifier [0x00CD882C+2336844]
GetHandleVerifier [0x00B223E1+541697]
GetHandleVerifier [0x00B21443+537699]
Ordinal0 [0x00A2D18E+2150798]
Ordinal0 [0x00A31518+2168088]
Ordinal0 [0x00A31660+2168416]
Ordinal0 [0x00A3B330+2208560]
BaseThreadInitThunk [0x7612FA29+25]
RtlGetAppContainerNamedObjectPath [0x77957A9E+286]
RtlGetAppContainerNamedObjectPath [0x77957A6E+238]

at org.openqa.selenium.remote.W3CHandshakeResponse.lambda$new$0(W3CHandshakeResponse.java:57)
at org.openqa.selenium.remote.W3CHandshakeResponse.lambda$getResponseFunction$2(W3CHandshakeResponse.java:104)
at org.openqa.selenium.remote.ProtocolHandshake.lambda$createSession$22(ProtocolHandshake.java:365)
at java.base/java.util.stream.ReferencePipeline$3$1.accept(ReferencePipeline.java:197)
at java.base/java.util.Spliterators$ArraySpliterator.tryAdvance(Spliterators.java:1002)
at java.base/java.util.stream.ReferencePipeline.forEachWithCancel(ReferencePipeline.java:129)
at java.base/java.util.stream.AbstractPipeline.copyIntoWithCancel(AbstractPipeline.java:527)
at java.base/java.util.stream.AbstractPipeline.copyInto(AbstractPipeline.java:513)
at java.base/java.util.stream.AbstractPipeline.wrapAndCopyInto(AbstractPipeline.java:499)
at java.base/java.util.stream.FindOps$FindOp.evaluateSequential(FindOps.java:150)
at java.base/java.util.stream.AbstractPipeline.evaluate(AbstractPipeline.java:234)
at java.base/java.util.stream.ReferencePipeline.findFirst(ReferencePipeline.java:647)
at org.openqa.selenium.remote.ProtocolHandshake.createSession(ProtocolHandshake.java:368)
at org.openqa.selenium.remote.ProtocolHandshake.createSession(ProtocolHandshake.java:159)
at org.openqa.selenium.remote.HttpCommandExecutor.execute(HttpCommandExecutor.java:142)
at org.openqa.selenium.remote.service.DriverCommandExecutor.execute(DriverCommandExecutor.java:82)
at org.openqa.selenium.remote.RemoteWebDriver.execute(RemoteWebDriver.java:637)
at org.openqa.selenium.remote.RemoteWebDriver.startSession(RemoteWebDriver.java:250)
at org.openqa.selenium.remote.RemoteWebDriver.startSession(RemoteWebDriver.java:236)
at org.openqa.selenium.remote.RemoteWebDriver.<init>(RemoteWebDriver.java:137)
at org.openqa.selenium.chrome.ChromeDriver.<init>(ChromeDriver.java:184)
at org.openqa.selenium.chrome.ChromeDriver.<init>(ChromeDriver.java:171)
at org.openqa.selenium.chrome.ChromeDriver.<init>(ChromeDriver.java:124)
at com.corp.qa.base.Base.initialization(Base.java:44)
at com.corp.qa.testcases.AddNewPageTest2.SSSetUp(AddNewPageTest2.java:31)
at java.base/java.util.ArrayList.forEach(ArrayList.java:1511)
... Removed 36 stack frames]]>
    </failure>
  </testcase> <!-- @BeforeMethod SSSetUp -->
  <testcase classname="com.corp.qa.testcases.LoginPageTest1" name="validateLoginnnn" time="0.0">
    <skipped/>
  </testcase> <!-- validateLoginnnn -->
  <testcase classname="com.corp.qa.testcases.DeleteCustomerTest3" name="validateDelete" time="0.001">
    <failure type="java.lang.NullPointerException" message="Cannot invoke &amp;quot;org.openqa.selenium.SearchContext.findElement(org.openqa.selenium.By)&amp;quot; because &amp;quot;this.searchContext&amp;quot; is null">
      <![CDATA[java.lang.NullPointerException: Cannot invoke "org.openqa.selenium.SearchContext.findElement(org.openqa.selenium.By)" because "this.searchContext" is null
at org.openqa.selenium.support.pagefactory.DefaultElementLocator.findElement(DefaultElementLocator.java:69)
at org.openqa.selenium.support.pagefactory.internal.LocatingElementHandler.invoke(LocatingElementHandler.java:38)
at jdk.proxy2/jdk.proxy2.$Proxy9.click(Unknown Source)
at Delete_Customer.DeleteCustomer.deleteOperation(DeleteCustomer.java:40)
at com.corp.qa.testcases.DeleteCustomerTest3.validateDelete(DeleteCustomerTest3.java:23)
at java.base/java.util.ArrayList.forEach(ArrayList.java:1511)
... Removed 27 stack frames]]>
    </failure>
  </testcase> <!-- validateDelete -->
  <testcase classname="com.corp.qa.testcases.AddNewPageTest2" name="validateLoginnnn" time="0.0">
    <skipped/>
  </testcase> <!-- validateLoginnnn -->
</testsuite> <!-- Test -->
